[Lee Kum Kee Lemongrass Marinade 250g][https://au-nz.lkk.com/-/media/anz-site---homecook/lemongrass-marinade-250g-anz.png]

[Hai Di Lao Pickled Vegetables Fish Seasoning 360g][https://www.fodal.uk/wp-content/uploads/2020/02/6942032700180.png]

[Nestlé Cerelac Infant Cereal Oat With Prune From 6 Months 200g][https://cdn.tellmebaby.com.au/wp-content/uploads/2016/05/nestle-cerelac-oats-with-prune-200g.jpg]

[Eaglobe Dongguan Rice Vermicelli 454g][https://lh3.googleusercontent.com/proxy/42bFmhIT6pizmSj8mQdh-k_l2xV8WVkd41f6ZyUOflr8h5Bx_iPYn3cZGthkCdYEZgnxJfmXXuxOtt-Q9vYKO6qc1yE3MKaSMOJKT5Dcrb2PBdl46QSZ8xMroQYqOGBpHxM6]

[Queen Organic Vanilla Essence 50ml][https://www.allysbasket.com/10334-thickbox_default/queen-organic-vanilla-essence-50ml.jpg]

[Lee Kum Kee Lemongrass Marinade 250g][https://au-nz.lkk.com/-/media/anz-site---homecook/lemongrass-marinade-250g-anz.png]

[Hai Di Lao Pickled Vegetables Fish Seasoning 360g][https://www.fodal.uk/wp-content/uploads/2020/02/6942032700180.png]

[Obento Ponzu Sauce 250ml][https://www.allysbasket.com/32662-thickbox_default/obento-ponzu-sauce-250ml.jpg]

[Eaglobe Dongguan Rice Vermicelli 454g][https://lh3.googleusercontent.com/proxy/42bFmhIT6pizmSj8mQdh-k_l2xV8WVkd41f6ZyUOflr8h5Bx_iPYn3cZGthkCdYEZgnxJfmXXuxOtt-Q9vYKO6qc1yE3MKaSMOJKT5Dcrb2PBdl46QSZ8xMroQYqOGBpHxM6]

[Lee Kum Kee Lemongrass Marinade 250g][https://au-nz.lkk.com/-/media/anz-site---homecook/lemongrass-marinade-250g-anz.png]

[Hai Di Lao Pickled Vegetables Fish Seasoning 360g][https://www.fodal.uk/wp-content/uploads/2020/02/6942032700180.png]

[Eaglobe Dongguan Rice Vermicelli 454g][https://lh3.googleusercontent.com/proxy/42bFmhIT6pizmSj8mQdh-k_l2xV8WVkd41f6ZyUOflr8h5Bx_iPYn3cZGthkCdYEZgnxJfmXXuxOtt-Q9vYKO6qc1yE3MKaSMOJKT5Dcrb2PBdl46QSZ8xMroQYqOGBpHxM6]

[Lee Kum Kee Lemongrass Marinade 250g][https://au-nz.lkk.com/-/media/anz-site---homecook/lemongrass-marinade-250g-anz.png]

[Hai Di Lao Pickled Vegetables Fish Seasoning 360g][https://www.fodal.uk/wp-content/uploads/2020/02/6942032700180.png]

[Claratyne Hayfever & Allergy Relief 12 Years - Adult 75 Tablets][https://www.amcal.com.au/wcsstore/ExtendedSitesCatalogAssetStore/images/products/9310160823694_LL_1.jpg]

[Claratyne Children's Hayfever & Allergy Relief 1-12 Years Peach Flavour Colour-Free Syrup 60ml][https://www.amcal.com.au/wcsstore/ExtendedSitesCatalogAssetStore/images/products/9310160824400_LL_1.jpg]

[Coles Baking Paper 15m x 30cm][https://shop.coles.com.au/wcsstore/Coles-CAS/images/4/4/8/4486312.jpg]

[Coles Organic Soy Milk Original 1l][https://shop.coles.com.au/wcsstore/Coles-CAS/images/3/4/9/3492954.jpg]

[Coles Urban Coffee Culture Dolce Gusto Hot Chocolate 8+8 Capsules 256g][https://shop.coles.com.au/wcsstore/Coles-CAS/images/3/6/5/3653383.jpg]

[CSR White Sugar 1kg][https://images-na.ssl-images-amazon.com/images/I/41X3ih7npFL._SX342_PIbundle-12,TopRight,0,0_SX342SY442SH20_.jpg]

[Absolute Organic Chia Seeds Black 1kg][https://images-na.ssl-images-amazon.com/images/I/51Q3xfsZ23L._AC_SY400_.jpg]

[Eaglobe Dongguan Rice Vermicelli 454g][https://lh3.googleusercontent.com/proxy/42bFmhIT6pizmSj8mQdh-k_l2xV8WVkd41f6ZyUOflr8h5Bx_iPYn3cZGthkCdYEZgnxJfmXXuxOtt-Q9vYKO6qc1yE3MKaSMOJKT5Dcrb2PBdl46QSZ8xMroQYqOGBpHxM6]

[Lee Kum Kee Lemongrass Marinade 250g][https://au-nz.lkk.com/-/media/anz-site---homecook/lemongrass-marinade-250g-anz.png]

[Hai Di Lao Pickled Vegetables Fish Seasoning 360g][https://www.fodal.uk/wp-content/uploads/2020/02/6942032700180.png]

[Eaglobe Dongguan Rice Vermicelli 454g][https://lh3.googleusercontent.com/proxy/42bFmhIT6pizmSj8mQdh-k_l2xV8WVkd41f6ZyUOflr8h5Bx_iPYn3cZGthkCdYEZgnxJfmXXuxOtt-Q9vYKO6qc1yE3MKaSMOJKT5Dcrb2PBdl46QSZ8xMroQYqOGBpHxM6]

[Lee Kum Kee Lemongrass Marinade 250g][https://au-nz.lkk.com/-/media/anz-site---homecook/lemongrass-marinade-250g-anz.png]

[Hai Di Lao Pickled Vegetables Fish Seasoning 360g][https://www.fodal.uk/wp-content/uploads/2020/02/6942032700180.png]

[Eaglobe Dongguan Rice Vermicelli 454g][https://lh3.googleusercontent.com/proxy/42bFmhIT6pizmSj8mQdh-k_l2xV8WVkd41f6ZyUOflr8h5Bx_iPYn3cZGthkCdYEZgnxJfmXXuxOtt-Q9vYKO6qc1yE3MKaSMOJKT5Dcrb2PBdl46QSZ8xMroQYqOGBpHxM6]

[Cobs Natural Popcorn Multipack Lightly Salted Slightly Sweet 5 Packs][https://shop.coles.com.au/wcsstore/Coles-CAS/images/3/4/7/3478400.jpg]

